0 info it worked if it ends with ok
1 verbose cli [ '/Users/localadmin/.meteor/packages/meteor-tool/.1.4.1.w7wcti++os.osx.x86_64+web.browser+web.cordova/mt-os.osx.x86_64/dev_bundle/bin/node',
1 verbose cli   '/Users/localadmin/.meteor/packages/meteor-tool/.1.4.1.w7wcti++os.osx.x86_64+web.browser+web.cordova/mt-os.osx.x86_64/dev_bundle/bin/npm',
1 verbose cli   'install',
1 verbose cli   '--save',
1 verbose cli   'bcrypt' ]
2 info using npm@3.10.6
3 info using node@v4.5.0
4 silly loadCurrentTree Starting
5 silly install loadCurrentTree
6 silly install readLocalPackageData
7 silly fetchPackageMetaData bcrypt@^0.8.7
8 silly fetchNamedPackageData bcrypt
9 silly mapToRegistry name bcrypt
10 silly mapToRegistry using default registry
11 silly mapToRegistry registry https://registry.npmjs.org/
12 silly mapToRegistry data Result {
12 silly mapToRegistry   raw: 'bcrypt',
12 silly mapToRegistry   scope: null,
12 silly mapToRegistry   escapedName: 'bcrypt',
12 silly mapToRegistry   name: 'bcrypt',
12 silly mapToRegistry   rawSpec: '',
12 silly mapToRegistry   spec: 'latest',
12 silly mapToRegistry   type: 'tag' }
13 silly mapToRegistry uri https://registry.npmjs.org/bcrypt
14 verbose request uri https://registry.npmjs.org/bcrypt
15 verbose request no auth needed
16 info attempt registry request try #1 at 11:04:02 PM
17 verbose request id 1f9b8f169dfffe7d
18 verbose etag "5FL2JQCLVO3G6K2J72AIIGVUD"
19 http request GET https://registry.npmjs.org/bcrypt
20 http 200 https://registry.npmjs.org/bcrypt
21 verbose headers { server: 'CouchDB/1.5.0 (Erlang OTP/R16B03)',
21 verbose headers   etag: '"C732ZMNYAG6GBU1DOLULG793M"',
21 verbose headers   'content-type': 'application/json',
21 verbose headers   'content-encoding': 'gzip',
21 verbose headers   'cache-control': 'max-age=300',
21 verbose headers   'content-length': '11923',
21 verbose headers   'accept-ranges': 'bytes',
21 verbose headers   date: 'Wed, 26 Oct 2016 03:04:01 GMT',
21 verbose headers   via: '1.1 varnish',
21 verbose headers   age: '55',
21 verbose headers   connection: 'keep-alive',
21 verbose headers   'x-served-by': 'cache-yyz8321-YYZ',
21 verbose headers   'x-cache': 'HIT',
21 verbose headers   'x-cache-hits': '1',
21 verbose headers   'x-timer': 'S1477451041.317592,VS0,VE0',
21 verbose headers   vary: 'Accept-Encoding' }
22 silly get cb [ 200,
22 silly get   { server: 'CouchDB/1.5.0 (Erlang OTP/R16B03)',
22 silly get     etag: '"C732ZMNYAG6GBU1DOLULG793M"',
22 silly get     'content-type': 'application/json',
22 silly get     'content-encoding': 'gzip',
22 silly get     'cache-control': 'max-age=300',
22 silly get     'content-length': '11923',
22 silly get     'accept-ranges': 'bytes',
22 silly get     date: 'Wed, 26 Oct 2016 03:04:01 GMT',
22 silly get     via: '1.1 varnish',
22 silly get     age: '55',
22 silly get     connection: 'keep-alive',
22 silly get     'x-served-by': 'cache-yyz8321-YYZ',
22 silly get     'x-cache': 'HIT',
22 silly get     'x-cache-hits': '1',
22 silly get     'x-timer': 'S1477451041.317592,VS0,VE0',
22 silly get     vary: 'Accept-Encoding' } ]
23 verbose get saving bcrypt to /Users/localadmin/.npm/registry.npmjs.org/bcrypt/.cache.json
24 verbose correctMkdir /Users/localadmin/.npm correctMkdir not in flight; initializing
25 silly install normalizeTree
26 silly loadCurrentTree Finishing
27 silly loadIdealTree Starting
28 silly install loadIdealTree
29 silly cloneCurrentTree Starting
30 silly install cloneCurrentTreeToIdealTree
31 silly cloneCurrentTree Finishing
32 silly loadShrinkwrap Starting
33 silly install loadShrinkwrap
34 silly loadShrinkwrap Finishing
35 silly loadAllDepsIntoIdealTree Starting
36 silly install loadAllDepsIntoIdealTree
37 silly resolveWithNewModule bcrypt@0.8.7 checking installable status
38 silly cache add args [ 'bcrypt@^0.8.7', null ]
39 verbose cache add spec bcrypt@^0.8.7
40 silly cache add parsed spec Result {
40 silly cache add   raw: 'bcrypt@^0.8.7',
40 silly cache add   scope: null,
40 silly cache add   escapedName: 'bcrypt',
40 silly cache add   name: 'bcrypt',
40 silly cache add   rawSpec: '^0.8.7',
40 silly cache add   spec: '>=0.8.7 <0.9.0',
40 silly cache add   type: 'range' }
41 silly addNamed bcrypt@>=0.8.7 <0.9.0
42 verbose addNamed ">=0.8.7 <0.9.0" is a valid semver range for bcrypt
43 silly addNameRange { name: 'bcrypt', range: '>=0.8.7 <0.9.0', hasData: false }
44 silly mapToRegistry name bcrypt
45 silly mapToRegistry using default registry
46 silly mapToRegistry registry https://registry.npmjs.org/
47 silly mapToRegistry data Result {
47 silly mapToRegistry   raw: 'bcrypt',
47 silly mapToRegistry   scope: null,
47 silly mapToRegistry   escapedName: 'bcrypt',
47 silly mapToRegistry   name: 'bcrypt',
47 silly mapToRegistry   rawSpec: '',
47 silly mapToRegistry   spec: 'latest',
47 silly mapToRegistry   type: 'tag' }
48 silly mapToRegistry uri https://registry.npmjs.org/bcrypt
49 verbose addNameRange registry:https://registry.npmjs.org/bcrypt not in flight; fetching
50 verbose get https://registry.npmjs.org/bcrypt not expired, no request
51 silly addNameRange number 2 { name: 'bcrypt', range: '>=0.8.7 <0.9.0', hasData: true }
52 silly addNameRange versions [ 'bcrypt',
52 silly addNameRange   [ '0.1.2',
52 silly addNameRange     '0.2.0',
52 silly addNameRange     '0.2.1',
52 silly addNameRange     '0.1.3',
52 silly addNameRange     '0.2.2',
52 silly addNameRange     '0.2.3',
52 silly addNameRange     '0.2.4',
52 silly addNameRange     '0.3.0',
52 silly addNameRange     '0.3.1',
52 silly addNameRange     '0.3.2',
52 silly addNameRange     '0.4.0',
52 silly addNameRange     '0.4.1',
52 silly addNameRange     '0.5.0',
52 silly addNameRange     '0.6.0',
52 silly addNameRange     '0.7.0',
52 silly addNameRange     '0.7.1',
52 silly addNameRange     '0.7.2',
52 silly addNameRange     '0.7.3',
52 silly addNameRange     '0.7.4',
52 silly addNameRange     '0.7.5',
52 silly addNameRange     '0.7.6',
52 silly addNameRange     '0.7.7',
52 silly addNameRange     '0.7.8',
52 silly addNameRange     '0.8.0',
52 silly addNameRange     '0.8.1',
52 silly addNameRange     '0.8.2',
52 silly addNameRange     '0.8.3',
52 silly addNameRange     '0.8.4',
52 silly addNameRange     '0.8.5',
52 silly addNameRange     '0.8.6',
52 silly addNameRange     '0.8.7' ] ]
53 silly addNamed bcrypt@0.8.7
54 verbose addNamed "0.8.7" is a plain semver version for bcrypt
55 silly cache afterAdd bcrypt@0.8.7
56 verbose afterAdd /Users/localadmin/.npm/bcrypt/0.8.7/package/package.json not in flight; writing
57 verbose correctMkdir /Users/localadmin/.npm correctMkdir not in flight; initializing
58 verbose afterAdd /Users/localadmin/.npm/bcrypt/0.8.7/package/package.json written
59 silly loadAllDepsIntoIdealTree Finishing
60 silly loadIdealTree Finishing
61 silly currentTree totemdashboard@
61 silly currentTree ├── arr-diff@2.0.0
61 silly currentTree ├── arr-flatten@1.0.1
61 silly currentTree ├── array-unique@0.2.1
61 silly currentTree ├── balanced-match@0.4.2
61 silly currentTree ├── bindings@1.2.1
61 silly currentTree ├── bl@0.9.5
61 silly currentTree ├── brace-expansion@1.1.6
61 silly currentTree ├── braces@1.8.5
61 silly currentTree ├── buffer-shims@1.0.0
61 silly currentTree ├── bufferutil@1.2.1
61 silly currentTree ├── callback-stream@1.1.0
61 silly currentTree ├── commist@1.0.0
61 silly currentTree ├── concat-map@0.0.1
61 silly currentTree ├─┬ concat-stream@1.5.2
61 silly currentTree │ └── readable-stream@2.0.6
61 silly currentTree ├── core-util-is@1.0.2
61 silly currentTree ├─┬ duplexify@3.5.0
61 silly currentTree │ ├── end-of-stream@1.0.0
61 silly currentTree │ └── readable-stream@2.1.5
61 silly currentTree ├── end-of-stream@1.1.0
61 silly currentTree ├── expand-brackets@0.1.5
61 silly currentTree ├── expand-range@1.8.2
61 silly currentTree ├── extend-shallow@2.0.1
61 silly currentTree ├── extend@3.0.0
61 silly currentTree ├─┬ extglob@0.3.2
61 silly currentTree │ └── is-extglob@1.0.0
61 silly currentTree ├── filename-regex@2.0.0
61 silly currentTree ├── fill-range@2.2.3
61 silly currentTree ├── for-in@0.1.6
61 silly currentTree ├── for-own@0.1.4
61 silly currentTree ├─┬ glob-base@0.3.0
61 silly currentTree │ ├── glob-parent@2.0.0
61 silly currentTree │ ├── is-extglob@1.0.0
61 silly currentTree │ └── is-glob@2.0.1
61 silly currentTree ├── glob-parent@3.0.1
61 silly currentTree ├─┬ glob-stream@5.3.5
61 silly currentTree │ └── through2@0.6.5
61 silly currentTree ├── glob@5.0.15
61 silly currentTree ├── help-me@1.0.1
61 silly currentTree ├── highcharts@4.2.7
61 silly currentTree ├── inflight@1.0.6
61 silly currentTree ├── inherits@2.0.3
61 silly currentTree ├── is-buffer@1.1.4
61 silly currentTree ├── is-dotfile@1.0.2
61 silly currentTree ├── is-equal-shallow@0.1.3
61 silly currentTree ├── is-extendable@0.1.1
61 silly currentTree ├── is-extglob@2.1.0
61 silly currentTree ├── is-glob@3.1.0
61 silly currentTree ├── is-number@2.1.0
61 silly currentTree ├── is-posix-bracket@0.1.1
61 silly currentTree ├── is-primitive@2.0.0
61 silly currentTree ├── is-stream@1.1.0
61 silly currentTree ├── isarray@1.0.0
61 silly currentTree ├── isobject@2.1.0
61 silly currentTree ├── json-stable-stringify@1.0.1
61 silly currentTree ├── jsonify@0.0.0
61 silly currentTree ├── kind-of@3.0.4
61 silly currentTree ├── leven@1.0.2
61 silly currentTree ├─┬ micromatch@2.3.11
61 silly currentTree │ ├── is-extglob@1.0.0
61 silly currentTree │ └── is-glob@2.0.1
61 silly currentTree ├── minimatch@3.0.3
61 silly currentTree ├── minimist@1.2.0
61 silly currentTree ├── moment@2.15.2
61 silly currentTree ├─┬ mqtt-connection@2.1.1
61 silly currentTree │ └── through2@0.6.5
61 silly currentTree ├── mqtt-packet@3.4.7
61 silly currentTree ├── mqtt@1.14.1
61 silly currentTree ├── nan@2.3.5
61 silly currentTree ├── normalize-path@2.0.1
61 silly currentTree ├── object.omit@2.0.0
61 silly currentTree ├── once@1.3.3
61 silly currentTree ├── options@0.0.6
61 silly currentTree ├─┬ ordered-read-streams@0.3.0
61 silly currentTree │ └── readable-stream@2.1.5
61 silly currentTree ├─┬ parse-glob@3.0.4
61 silly currentTree │ ├── is-extglob@1.0.0
61 silly currentTree │ └── is-glob@2.0.1
61 silly currentTree ├── path-dirname@1.0.2
61 silly currentTree ├── path-is-absolute@1.0.1
61 silly currentTree ├── preserve@0.2.0
61 silly currentTree ├── process-nextick-args@1.0.7
61 silly currentTree ├── pump@1.0.1
61 silly currentTree ├── randomatic@1.1.5
61 silly currentTree ├─┬ readable-stream@1.0.34
61 silly currentTree │ └── isarray@0.0.1
61 silly currentTree ├── reduplexer@1.1.0
61 silly currentTree ├── regex-cache@0.4.3
61 silly currentTree ├── reinterval@1.1.0
61 silly currentTree ├── repeat-element@1.1.2
61 silly currentTree ├── repeat-string@1.6.1
61 silly currentTree ├── split2@2.1.0
61 silly currentTree ├── stream-shift@1.0.0
61 silly currentTree ├── string_decoder@0.10.31
61 silly currentTree ├── through2-filter@2.0.0
61 silly currentTree ├─┬ through2@2.0.1
61 silly currentTree │ └── readable-stream@2.0.6
61 silly currentTree ├── to-absolute-glob@0.1.1
61 silly currentTree ├── typedarray@0.0.6
61 silly currentTree ├── ultron@1.0.2
61 silly currentTree ├── unique-stream@2.2.1
61 silly currentTree ├── utf-8-validate@1.2.1
61 silly currentTree ├── util-deprecate@1.0.2
61 silly currentTree ├── websocket-stream@3.3.0
61 silly currentTree ├── wrappy@1.0.2
61 silly currentTree ├── ws@1.1.1
61 silly currentTree └── xtend@4.0.1
62 silly idealTree totemdashboard@
62 silly idealTree ├── arr-diff@2.0.0
62 silly idealTree ├── arr-flatten@1.0.1
62 silly idealTree ├── array-unique@0.2.1
62 silly idealTree ├── balanced-match@0.4.2
62 silly idealTree ├── bcrypt@0.8.7
62 silly idealTree ├── bindings@1.2.1
62 silly idealTree ├── bl@0.9.5
62 silly idealTree ├── brace-expansion@1.1.6
62 silly idealTree ├── braces@1.8.5
62 silly idealTree ├── buffer-shims@1.0.0
62 silly idealTree ├── bufferutil@1.2.1
62 silly idealTree ├── callback-stream@1.1.0
62 silly idealTree ├── commist@1.0.0
62 silly idealTree ├── concat-map@0.0.1
62 silly idealTree ├─┬ concat-stream@1.5.2
62 silly idealTree │ └── readable-stream@2.0.6
62 silly idealTree ├── core-util-is@1.0.2
62 silly idealTree ├─┬ duplexify@3.5.0
62 silly idealTree │ ├── end-of-stream@1.0.0
62 silly idealTree │ └── readable-stream@2.1.5
62 silly idealTree ├── end-of-stream@1.1.0
62 silly idealTree ├── expand-brackets@0.1.5
62 silly idealTree ├── expand-range@1.8.2
62 silly idealTree ├── extend-shallow@2.0.1
62 silly idealTree ├── extend@3.0.0
62 silly idealTree ├─┬ extglob@0.3.2
62 silly idealTree │ └── is-extglob@1.0.0
62 silly idealTree ├── filename-regex@2.0.0
62 silly idealTree ├── fill-range@2.2.3
62 silly idealTree ├── for-in@0.1.6
62 silly idealTree ├── for-own@0.1.4
62 silly idealTree ├─┬ glob-base@0.3.0
62 silly idealTree │ ├── glob-parent@2.0.0
62 silly idealTree │ ├── is-extglob@1.0.0
62 silly idealTree │ └── is-glob@2.0.1
62 silly idealTree ├── glob-parent@3.0.1
62 silly idealTree ├─┬ glob-stream@5.3.5
62 silly idealTree │ └── through2@0.6.5
62 silly idealTree ├── glob@5.0.15
62 silly idealTree ├── help-me@1.0.1
62 silly idealTree ├── highcharts@4.2.7
62 silly idealTree ├── inflight@1.0.6
62 silly idealTree ├── inherits@2.0.3
62 silly idealTree ├── is-buffer@1.1.4
62 silly idealTree ├── is-dotfile@1.0.2
62 silly idealTree ├── is-equal-shallow@0.1.3
62 silly idealTree ├── is-extendable@0.1.1
62 silly idealTree ├── is-extglob@2.1.0
62 silly idealTree ├── is-glob@3.1.0
62 silly idealTree ├── is-number@2.1.0
62 silly idealTree ├── is-posix-bracket@0.1.1
62 silly idealTree ├── is-primitive@2.0.0
62 silly idealTree ├── is-stream@1.1.0
62 silly idealTree ├── isarray@1.0.0
62 silly idealTree ├── isobject@2.1.0
62 silly idealTree ├── json-stable-stringify@1.0.1
62 silly idealTree ├── jsonify@0.0.0
62 silly idealTree ├── kind-of@3.0.4
62 silly idealTree ├── leven@1.0.2
62 silly idealTree ├─┬ micromatch@2.3.11
62 silly idealTree │ ├── is-extglob@1.0.0
62 silly idealTree │ └── is-glob@2.0.1
62 silly idealTree ├── minimatch@3.0.3
62 silly idealTree ├── minimist@1.2.0
62 silly idealTree ├── moment@2.15.2
62 silly idealTree ├─┬ mqtt-connection@2.1.1
62 silly idealTree │ └── through2@0.6.5
62 silly idealTree ├── mqtt-packet@3.4.7
62 silly idealTree ├── mqtt@1.14.1
62 silly idealTree ├── nan@2.3.5
62 silly idealTree ├── normalize-path@2.0.1
62 silly idealTree ├── object.omit@2.0.0
62 silly idealTree ├── once@1.3.3
62 silly idealTree ├── options@0.0.6
62 silly idealTree ├─┬ ordered-read-streams@0.3.0
62 silly idealTree │ └── readable-stream@2.1.5
62 silly idealTree ├─┬ parse-glob@3.0.4
62 silly idealTree │ ├── is-extglob@1.0.0
62 silly idealTree │ └── is-glob@2.0.1
62 silly idealTree ├── path-dirname@1.0.2
62 silly idealTree ├── path-is-absolute@1.0.1
62 silly idealTree ├── preserve@0.2.0
62 silly idealTree ├── process-nextick-args@1.0.7
62 silly idealTree ├── pump@1.0.1
62 silly idealTree ├── randomatic@1.1.5
62 silly idealTree ├─┬ readable-stream@1.0.34
62 silly idealTree │ └── isarray@0.0.1
62 silly idealTree ├── reduplexer@1.1.0
62 silly idealTree ├── regex-cache@0.4.3
62 silly idealTree ├── reinterval@1.1.0
62 silly idealTree ├── repeat-element@1.1.2
62 silly idealTree ├── repeat-string@1.6.1
62 silly idealTree ├── split2@2.1.0
62 silly idealTree ├── stream-shift@1.0.0
62 silly idealTree ├── string_decoder@0.10.31
62 silly idealTree ├── through2-filter@2.0.0
62 silly idealTree ├─┬ through2@2.0.1
62 silly idealTree │ └── readable-stream@2.0.6
62 silly idealTree ├── to-absolute-glob@0.1.1
62 silly idealTree ├── typedarray@0.0.6
62 silly idealTree ├── ultron@1.0.2
62 silly idealTree ├── unique-stream@2.2.1
62 silly idealTree ├── utf-8-validate@1.2.1
62 silly idealTree ├── util-deprecate@1.0.2
62 silly idealTree ├── websocket-stream@3.3.0
62 silly idealTree ├── wrappy@1.0.2
62 silly idealTree ├── ws@1.1.1
62 silly idealTree └── xtend@4.0.1
63 silly generateActionsToTake Starting
64 silly install generateActionsToTake
65 silly generateActionsToTake Finishing
66 silly diffTrees action count 1
67 silly diffTrees add bcrypt@0.8.7
68 silly decomposeActions action count 8
69 silly decomposeActions fetch bcrypt@0.8.7
70 silly decomposeActions extract bcrypt@0.8.7
71 silly decomposeActions test bcrypt@0.8.7
72 silly decomposeActions preinstall bcrypt@0.8.7
73 silly decomposeActions build bcrypt@0.8.7
74 silly decomposeActions install bcrypt@0.8.7
75 silly decomposeActions postinstall bcrypt@0.8.7
76 silly decomposeActions finalize bcrypt@0.8.7
77 silly executeActions Starting
78 silly install executeActions
79 silly doSerial global-install 0
80 silly doParallel fetch 1
81 verbose correctMkdir /Users/localadmin/.npm/_locks correctMkdir not in flight; initializing
82 verbose lock using /Users/localadmin/.npm/_locks/staging-cf9d0e863bb00cd3.lock for /Users/localadmin/Desktop/Coding/haywardgordon/node_modules/.staging
83 silly doParallel extract 1
84 silly extract bcrypt@0.8.7
85 verbose unbuild node_modules/.staging/bcrypt-0581a91e
86 silly gentlyRm /Users/localadmin/Desktop/Coding/haywardgordon/node_modules/.staging/bcrypt-0581a91e is being purged from base /Users/localadmin/Desktop/Coding/haywardgordon
87 verbose gentlyRm don't care about contents; nuking /Users/localadmin/Desktop/Coding/haywardgordon/node_modules/.staging/bcrypt-0581a91e
88 verbose tar unpack /Users/localadmin/.npm/bcrypt/0.8.7/package.tgz
89 verbose tar unpacking to /Users/localadmin/Desktop/Coding/haywardgordon/node_modules/.staging/bcrypt-0581a91e
90 silly gentlyRm /Users/localadmin/Desktop/Coding/haywardgordon/node_modules/.staging/bcrypt-0581a91e is being purged
91 verbose gentlyRm don't care about contents; nuking /Users/localadmin/Desktop/Coding/haywardgordon/node_modules/.staging/bcrypt-0581a91e
92 silly gunzTarPerm modes [ '755', '644' ]
93 silly gunzTarPerm extractEntry package.json
94 silly gunzTarPerm extractEntry .npmignore
95 silly gunzTarPerm extractEntry README.md
96 silly gunzTarPerm extractEntry LICENSE
97 silly gunzTarPerm extractEntry bcrypt.js
98 silly gunzTarPerm extractEntry Makefile
99 silly gunzTarPerm extractEntry .travis.yml
100 silly gunzTarPerm extractEntry CHANGELOG.md
101 silly gunzTarPerm extractEntry binding.gyp
102 silly gunzTarPerm extractEntry examples/async_compare.js
103 silly gunzTarPerm extractEntry examples/forever_gen_salt.js
104 silly gunzTarPerm extractEntry test/async.js
105 silly gunzTarPerm extractEntry test/repetitions.js
106 silly gunzTarPerm extractEntry test/sync.js
107 silly gunzTarPerm extractEntry ISSUE_TEMPLATE.md
108 silly gunzTarPerm extractEntry src/bcrypt.cc
109 silly gunzTarPerm extractEntry src/bcrypt_node.cc
110 silly gunzTarPerm extractEntry src/blowfish.cc
111 silly gunzTarPerm extractEntry src/node_blf.h
112 silly gunzTarPerm extractEntry werker.yml
113 silly gentlyRm /Users/localadmin/Desktop/Coding/haywardgordon/node_modules/.staging/bcrypt-0581a91e/node_modules is being purged
114 verbose gentlyRm don't care about contents; nuking /Users/localadmin/Desktop/Coding/haywardgordon/node_modules/.staging/bcrypt-0581a91e/node_modules
115 silly doParallel preinstall 1
116 silly preinstall bcrypt@0.8.7 /Users/localadmin/Desktop/Coding/haywardgordon/node_modules/.staging/bcrypt-0581a91e
117 info lifecycle bcrypt@0.8.7~preinstall: bcrypt@0.8.7
118 silly lifecycle bcrypt@0.8.7~preinstall: no script for preinstall, continuing
119 silly doReverseSerial remove 0
120 silly doSerial move 0
121 silly doSerial finalize 1
122 silly finalize /Users/localadmin/Desktop/Coding/haywardgordon/node_modules/bcrypt
123 silly doSerial build 1
124 silly build bcrypt@0.8.7
125 info linkStuff bcrypt@0.8.7
126 silly linkStuff bcrypt@0.8.7 has /Users/localadmin/Desktop/Coding/haywardgordon/node_modules as its parent node_modules
127 verbose linkBins bcrypt@0.8.7
128 verbose linkMans bcrypt@0.8.7
129 silly doSerial global-link 0
130 silly doParallel update-linked 0
131 silly doSerial install 1
132 silly install bcrypt@0.8.7 /Users/localadmin/Desktop/Coding/haywardgordon/node_modules/.staging/bcrypt-0581a91e
133 info lifecycle bcrypt@0.8.7~install: bcrypt@0.8.7
134 verbose lifecycle bcrypt@0.8.7~install: unsafe-perm in lifecycle true
135 verbose lifecycle bcrypt@0.8.7~install: PATH: /Users/localadmin/.meteor/packages/meteor-tool/.1.4.1.w7wcti++os.osx.x86_64+web.browser+web.cordova/mt-os.osx.x86_64/dev_bundle/lib/node_modules/npm/bin/node-gyp-bin:/Users/localadmin/Desktop/Coding/haywardgordon/node_modules/bcrypt/node_modules/.bin:/Users/localadmin/Desktop/Coding/haywardgordon/node_modules/.bin:/Users/localadmin/.meteor/packages/meteor-tool/.1.4.1.w7wcti++os.osx.x86_64+web.browser+web.cordova/mt-os.osx.x86_64/dev_bundle/bin:/Users/localadmin/.meteor/packages/meteor-tool/.1.4.1.w7wcti++os.osx.x86_64+web.browser+web.cordova/mt-os.osx.x86_64/dev_bundle/lib/node_modules/.bin:/Users/localadmin/.rbenv/shims:/usr/local/bin:/usr/local/bin:/usr/bin:/bin:/usr/sbin:/sbin:/usr/local/munki
136 verbose lifecycle bcrypt@0.8.7~install: CWD: /Users/localadmin/Desktop/Coding/haywardgordon/node_modules/bcrypt
137 silly lifecycle bcrypt@0.8.7~install: Args: [ '-c', 'node-gyp rebuild' ]
138 silly lifecycle bcrypt@0.8.7~install: Returned: code: 1  signal: null
139 info lifecycle bcrypt@0.8.7~install: Failed to exec install script
140 verbose unlock done using /Users/localadmin/.npm/_locks/staging-cf9d0e863bb00cd3.lock for /Users/localadmin/Desktop/Coding/haywardgordon/node_modules/.staging
141 silly rollbackFailedOptional Starting
142 silly rollbackFailedOptional Finishing
143 silly runTopLevelLifecycles Starting
144 silly runTopLevelLifecycles Finishing
145 silly install printInstalled
146 verbose stack Error: bcrypt@0.8.7 install: `node-gyp rebuild`
146 verbose stack Exit status 1
146 verbose stack     at EventEmitter.<anonymous> (/Users/localadmin/.meteor/packages/meteor-tool/.1.4.1.w7wcti++os.osx.x86_64+web.browser+web.cordova/mt-os.osx.x86_64/dev_bundle/lib/node_modules/npm/lib/utils/lifecycle.js:255:16)
146 verbose stack     at emitTwo (events.js:87:13)
146 verbose stack     at EventEmitter.emit (events.js:172:7)
146 verbose stack     at ChildProcess.<anonymous> (/Users/localadmin/.meteor/packages/meteor-tool/.1.4.1.w7wcti++os.osx.x86_64+web.browser+web.cordova/mt-os.osx.x86_64/dev_bundle/lib/node_modules/npm/lib/utils/spawn.js:40:14)
146 verbose stack     at emitTwo (events.js:87:13)
146 verbose stack     at ChildProcess.emit (events.js:172:7)
146 verbose stack     at maybeClose (internal/child_process.js:829:16)
146 verbose stack     at Process.ChildProcess._handle.onexit (internal/child_process.js:211:5)
147 verbose pkgid bcrypt@0.8.7
148 verbose cwd /Users/localadmin/Desktop/Coding/haywardgordon
149 error Darwin 15.6.0
150 error argv "/Users/localadmin/.meteor/packages/meteor-tool/.1.4.1.w7wcti++os.osx.x86_64+web.browser+web.cordova/mt-os.osx.x86_64/dev_bundle/bin/node" "/Users/localadmin/.meteor/packages/meteor-tool/.1.4.1.w7wcti++os.osx.x86_64+web.browser+web.cordova/mt-os.osx.x86_64/dev_bundle/bin/npm" "install" "--save" "bcrypt"
151 error node v4.5.0
152 error npm  v3.10.6
153 error code ELIFECYCLE
154 error bcrypt@0.8.7 install: `node-gyp rebuild`
154 error Exit status 1
155 error Failed at the bcrypt@0.8.7 install script 'node-gyp rebuild'.
155 error Make sure you have the latest version of node.js and npm installed.
155 error If you do, this is most likely a problem with the bcrypt package,
155 error not with npm itself.
155 error Tell the author that this fails on your system:
155 error     node-gyp rebuild
155 error You can get information on how to open an issue for this project with:
155 error     npm bugs bcrypt
155 error Or if that isn't available, you can get their info via:
155 error     npm owner ls bcrypt
155 error There is likely additional logging output above.
156 verbose exit [ 1, true ]
